<?xml version="1.0" encoding="UTF-8"?>
<testng-results ignored="0" total="3" passed="3" failed="0" skipped="0">
  <reporter-output>
  </reporter-output>
  <suite started-at="2025-07-07T10:35:44 IST" name="Suite" finished-at="2025-07-07T10:36:18 IST" duration-ms="34027">
    <groups>
    </groups>
    <test started-at="2025-07-07T10:35:44 IST" name="NewCycle1" finished-at="2025-07-07T10:36:08 IST" duration-ms="24280">
      <class name="runnerscripts.TestcCase2">
        <test-method is-config="true" signature="launchBrowser(java.lang.String)[pri:0, instance:runnerscripts.TestcCase2@2cd76f31]" started-at="2025-07-07T10:35:59 IST" name="launchBrowser" finished-at="2025-07-07T10:36:03 IST" duration-ms="4149" status="PASS">
          <params>
            <param index="0">
              <value>
                <![CDATA[chrome]]>
              </value>
            </param>
          </params>
          <reporter-output>
          </reporter-output>
        </test-method> <!-- launchBrowser -->
        <test-method is-config="true" signature="loginApplication()[pri:0, instance:runnerscripts.TestcCase2@2cd76f31]" started-at="2025-07-07T10:36:03 IST" name="loginApplication" finished-at="2025-07-07T10:36:04 IST" duration-ms="916" status="PASS">
          <reporter-output>
          </reporter-output>
        </test-method> <!-- loginApplication -->
        <test-method signature="FetchTitle()[pri:0, instance:runnerscripts.TestcCase2@2cd76f31]" started-at="2025-07-07T10:36:04 IST" name="FetchTitle" finished-at="2025-07-07T10:36:05 IST" duration-ms="1152" status="PASS">
          <reporter-output>
          </reporter-output>
        </test-method> <!-- FetchTitle -->
        <test-method is-config="true" signature="logoutApplication()[pri:0, instance:runnerscripts.TestcCase2@2cd76f31]" started-at="2025-07-07T10:36:05 IST" name="logoutApplication" finished-at="2025-07-07T10:36:08 IST" duration-ms="3008" status="PASS">
          <reporter-output>
          </reporter-output>
        </test-method> <!-- logoutApplication -->
        <test-method is-config="true" signature="closeBrowser()[pri:0, instance:runnerscripts.TestcCase2@2cd76f31]" started-at="2025-07-07T10:36:08 IST" name="closeBrowser" finished-at="2025-07-07T10:36:08 IST" duration-ms="409" status="PASS">
          <reporter-output>
          </reporter-output>
        </test-method> <!-- closeBrowser -->
      </class> <!-- runnerscripts.TestcCase2 -->
      <class name="runnerscripts.TestcCase01">
        <test-method is-config="true" signature="launchBrowser(java.lang.String)[pri:0, instance:runnerscripts.TestcCase01@4e08711f]" started-at="2025-07-07T10:35:45 IST" name="launchBrowser" finished-at="2025-07-07T10:35:50 IST" duration-ms="5545" status="PASS">
          <params>
            <param index="0">
              <value>
                <![CDATA[chrome]]>
              </value>
            </param>
          </params>
          <reporter-output>
          </reporter-output>
        </test-method> <!-- launchBrowser -->
        <test-method is-config="true" signature="loginApplication()[pri:0, instance:runnerscripts.TestcCase01@4e08711f]" started-at="2025-07-07T10:35:51 IST" name="loginApplication" finished-at="2025-07-07T10:35:53 IST" duration-ms="1647" status="PASS">
          <reporter-output>
          </reporter-output>
        </test-method> <!-- loginApplication -->
        <test-method signature="AddEmp(java.lang.String,java.lang.String,java.lang.String)[pri:0, instance:runnerscripts.TestcCase01@4e08711f]" started-at="2025-07-07T10:35:53 IST" name="AddEmp" data-provider="Testdata" finished-at="2025-07-07T10:35:56 IST" duration-ms="3735" status="PASS">
          <params>
            <param index="0">
              <value>
                <![CDATA[admin]]>
              </value>
            </param>
            <param index="1">
              <value>
                <![CDATA[admin@123]]>
              </value>
            </param>
            <param index="2">
              <value>
                <![CDATA[adminln]]>
              </value>
            </param>
          </params>
          <reporter-output>
          </reporter-output>
        </test-method> <!-- AddEmp -->
        <test-method is-config="true" signature="logoutApplication()[pri:0, instance:runnerscripts.TestcCase01@4e08711f]" started-at="2025-07-07T10:35:56 IST" name="logoutApplication" finished-at="2025-07-07T10:35:58 IST" duration-ms="1892" status="PASS">
          <reporter-output>
          </reporter-output>
        </test-method> <!-- logoutApplication -->
        <test-method is-config="true" signature="closeBrowser()[pri:0, instance:runnerscripts.TestcCase01@4e08711f]" started-at="2025-07-07T10:35:58 IST" name="closeBrowser" finished-at="2025-07-07T10:35:59 IST" duration-ms="455" status="PASS">
          <reporter-output>
          </reporter-output>
        </test-method> <!-- closeBrowser -->
      </class> <!-- runnerscripts.TestcCase01 -->
    </test> <!-- NewCycle1 -->
    <test started-at="2025-07-07T10:36:09 IST" name="NewCycle2" finished-at="2025-07-07T10:36:18 IST" duration-ms="9131">
      <class name="runnerscripts.TestcCase2">
        <test-method is-config="true" signature="launchBrowser(java.lang.String)[pri:0, instance:runnerscripts.TestcCase2@71e9ddb4]" started-at="2025-07-07T10:36:09 IST" name="launchBrowser" finished-at="2025-07-07T10:36:13 IST" duration-ms="4400" status="PASS">
          <params>
            <param index="0">
              <value>
                <![CDATA[chrome]]>
              </value>
            </param>
          </params>
          <reporter-output>
          </reporter-output>
        </test-method> <!-- launchBrowser -->
        <test-method is-config="true" signature="loginApplication()[pri:0, instance:runnerscripts.TestcCase2@71e9ddb4]" started-at="2025-07-07T10:36:13 IST" name="loginApplication" finished-at="2025-07-07T10:36:14 IST" duration-ms="816" status="PASS">
          <reporter-output>
          </reporter-output>
        </test-method> <!-- loginApplication -->
        <test-method signature="FetchTitle()[pri:0, instance:runnerscripts.TestcCase2@71e9ddb4]" started-at="2025-07-07T10:36:14 IST" name="FetchTitle" finished-at="2025-07-07T10:36:15 IST" duration-ms="1112" status="PASS">
          <reporter-output>
          </reporter-output>
        </test-method> <!-- FetchTitle -->
        <test-method is-config="true" signature="logoutApplication()[pri:0, instance:runnerscripts.TestcCase2@71e9ddb4]" started-at="2025-07-07T10:36:15 IST" name="logoutApplication" finished-at="2025-07-07T10:36:18 IST" duration-ms="2456" status="PASS">
          <reporter-output>
          </reporter-output>
        </test-method> <!-- logoutApplication -->
        <test-method is-config="true" signature="closeBrowser()[pri:0, instance:runnerscripts.TestcCase2@71e9ddb4]" started-at="2025-07-07T10:36:18 IST" name="closeBrowser" finished-at="2025-07-07T10:36:18 IST" duration-ms="335" status="PASS">
          <reporter-output>
          </reporter-output>
        </test-method> <!-- closeBrowser -->
      </class> <!-- runnerscripts.TestcCase2 -->
    </test> <!-- NewCycle2 -->
  </suite> <!-- Suite -->
</testng-results>
