<?xml version="1.0" encoding="UTF-8"?>
<!-- Generated by org.testng.reporters.JUnitXMLReporter -->
<testsuite ignored="0" hostname="Classroom-201" failures="0" tests="6" name="TestChrome" time="59.586" errors="0" timestamp="2025-07-02T11:19:08 IST">
  <testcase classname="runnerscripts.TestcCase01" name="AddEmp" time="5.419"/>
  <testcase classname="runnerscripts.TestcCase01" name="AddEmp" time="3.958"/>
  <testcase classname="runnerscripts.TestcCase01" name="AddEmp" time="4.597"/>
  <testcase classname="runnerscripts.TestcCase01" name="AddEmp" time="4.088"/>
  <testcase classname="runnerscripts.TestcCase01" name="AddEmp" time="4.119"/>
  <testcase classname="runnerscripts.TestcCase2" name="FetchTitle" time="1.114"/>
</testsuite> <!-- TestChrome -->
